.=====================================================================.
                                                                       
  .d8888b.   .o8888b.  db  .d8888b.  d8888b. d88888b d8888b.  .d888b.  
 .8P    Y8. d8P    Y8  88 .8P    Y8. 88  `8D 88'     88  `8D .8P , Y8. 
 88      88 8P     .ooo88 88      88 88oooY' 88oooo  88oobY' 88  |  88 
 88      88 8b     `~~~88 88      88 88~~~b. 88~~~~  88`8b   88  |/ 88 
 `8b    d8' Y8b    d8  88 `8b    d8' 88   8D 88.     88 `88. `8b | d8' 
  `Y8888P'   `Y8888P'  YP  `Y8888P'  Y8888P' Y88888P 88   YD  `Y888P'  
                                                                       
`========================== INSTALLATION LOG ========================='

[2019/04/10 06:00:20] Host: Windows NT DESKTOP-KP7UJ67 10.0 build 17134 (Windows 10) AMD64
[2019/04/10 06:00:20] PHP version: 7.3.3
[2019/04/10 06:00:20] Server software: Apache/2.4.38 (Win64) OpenSSL/1.1.1b PHP/7.3.3
[2019/04/10 06:00:20] Operating system: WINNT
[2019/04/10 06:00:20] Memory limit: 128M
[2019/04/10 06:00:20] Max execution time: 3600
.============================ POST REQUEST ==========================.
[2019/04/10 06:00:21] Postback payload: Array
(
    [code] => phpVersion
    [handler] => onCheckRequirement
)

[2019/04/10 06:00:21] System check: phpVersion
[2019/04/10 06:00:21] Requirement phpVersion +OK
[2019/04/10 06:00:21] Execute handler (onCheckRequirement): Array
(
    [result] => 1
)

.============================ POST REQUEST ==========================.
[2019/04/10 06:00:21] Postback payload: Array
(
    [code] => curlLibrary
    [handler] => onCheckRequirement
)

[2019/04/10 06:00:21] System check: curlLibrary
[2019/04/10 06:00:21] Requirement curlLibrary +OK
[2019/04/10 06:00:21] Execute handler (onCheckRequirement): Array
(
    [result] => 1
)

.============================ POST REQUEST ==========================.
[2019/04/10 06:00:22] Postback payload: Array
(
    [code] => liveConnection
    [handler] => onCheckRequirement
)

[2019/04/10 06:00:22] System check: liveConnection
[2019/04/10 06:00:23] Server request: ping
[2019/04/10 06:00:23] Request information: Array
(
    [url] => http://gateway.octobercms.com/api/ping
    [content_type] => application/json
    [http_code] => 200
    [header_size] => 418
    [request_size] => 185
    [filetime] => -1
    [ssl_verify_result] => 0
    [redirect_count] => 0
    [total_time] => 0.917176
    [namelookup_time] => 0.163599
    [connect_time] => 0.50071
    [pretransfer_time] => 0.501278
    [size_upload] => 46
    [size_download] => 12
    [speed_download] => 13
    [speed_upload] => 50
    [download_content_length] => -1
    [upload_content_length] => 46
    [starttransfer_time] => 0.889926
    [redirect_time] => 0
    [redirect_url] => 
    [primary_ip] => 52.37.223.30
    [certinfo] => Array
        (
        )

    [primary_port] => 80
    [local_ip] => 192.168.0.106
    [local_port] => 6010
    [http_version] => 2
    [protocol] => 1
    [ssl_verifyresult] => 0
    [scheme] => HTTP
    [appconnect_time_us] => 0
    [connect_time_us] => 500710
    [namelookup_time_us] => 163599
    [pretransfer_time_us] => 501278
    [redirect_time_us] => 0
    [starttransfer_time_us] => 889926
    [total_time_us] => 917176
)

[2019/04/10 06:00:23] Requirement liveConnection +OK
[2019/04/10 06:00:23] Execute handler (onCheckRequirement): Array
(
    [result] => 1
)

.============================ POST REQUEST ==========================.
[2019/04/10 06:00:23] Postback payload: Array
(
    [code] => writePermission
    [handler] => onCheckRequirement
)

[2019/04/10 06:00:23] System check: writePermission
[2019/04/10 06:00:23] Requirement writePermission +OK
[2019/04/10 06:00:23] Execute handler (onCheckRequirement): Array
(
    [result] => 1
)

.============================ POST REQUEST ==========================.
[2019/04/10 06:00:24] Postback payload: Array
(
    [code] => pdoLibrary
    [handler] => onCheckRequirement
)

[2019/04/10 06:00:24] System check: pdoLibrary
[2019/04/10 06:00:24] Requirement pdoLibrary +OK
[2019/04/10 06:00:24] Execute handler (onCheckRequirement): Array
(
    [result] => 1
)

.============================ POST REQUEST ==========================.
[2019/04/10 06:00:24] Postback payload: Array
(
    [code] => mbstringLibrary
    [handler] => onCheckRequirement
)

[2019/04/10 06:00:24] System check: mbstringLibrary
[2019/04/10 06:00:24] Requirement mbstringLibrary +OK
[2019/04/10 06:00:24] Execute handler (onCheckRequirement): Array
(
    [result] => 1
)

.============================ POST REQUEST ==========================.
[2019/04/10 06:00:25] Postback payload: Array
(
    [code] => fileinfoLibrary
    [handler] => onCheckRequirement
)

[2019/04/10 06:00:25] System check: fileinfoLibrary
[2019/04/10 06:00:25] Requirement fileinfoLibrary +OK
[2019/04/10 06:00:25] Execute handler (onCheckRequirement): Array
(
    [result] => 1
)

.============================ POST REQUEST ==========================.
[2019/04/10 06:00:25] Postback payload: Array
(
    [code] => sslLibrary
    [handler] => onCheckRequirement
)

[2019/04/10 06:00:25] System check: sslLibrary
[2019/04/10 06:00:25] Requirement sslLibrary +OK
[2019/04/10 06:00:25] Execute handler (onCheckRequirement): Array
(
    [result] => 1
)

.============================ POST REQUEST ==========================.
[2019/04/10 06:00:26] Postback payload: Array
(
    [code] => zipLibrary
    [handler] => onCheckRequirement
)

[2019/04/10 06:00:26] System check: zipLibrary
[2019/04/10 06:00:26] Requirement zipLibrary +OK
[2019/04/10 06:00:26] Execute handler (onCheckRequirement): Array
(
    [result] => 1
)

.============================ POST REQUEST ==========================.
[2019/04/10 06:00:27] Postback payload: Array
(
    [code] => gdLibrary
    [handler] => onCheckRequirement
)

[2019/04/10 06:00:27] System check: gdLibrary
[2019/04/10 06:00:27] Requirement gdLibrary +OK
[2019/04/10 06:00:27] Execute handler (onCheckRequirement): Array
(
    [result] => 1
)

.============================ POST REQUEST ==========================.
[2019/04/10 06:04:24] Postback payload: Array
(
    [db_type] => mysql
    [db_host] => localhost
    [db_port] => 
    [db_name] => myportfolio
    [db_user] => root
    [db_pass] => *******
    [admin_first_name] => Saqlain
    [admin_last_name] => Mahmud
    [admin_email] => *******@*****.com
    [admin_login] => smk87
    [admin_password] => *******
    [admin_confirm_password] => *******
    [backend_uri] => /hidden
    [encryption_code] => *******
    [file_mask] => 777
    [folder_mask] => 777
    [handler] => onValidateDatabase
)

.============================ POST REQUEST ==========================.
[2019/04/10 06:04:24] Postback payload: Array
(
    [db_type] => mysql
    [db_host] => localhost
    [db_port] => 
    [db_name] => myportfolio
    [db_user] => root
    [db_pass] => *******
    [admin_first_name] => Saqlain
    [admin_last_name] => Mahmud
    [admin_email] => *******@*****.com
    [admin_login] => smk87
    [admin_password] => *******
    [admin_confirm_password] => *******
    [backend_uri] => /hidden
    [encryption_code] => *******
    [file_mask] => 777
    [folder_mask] => 777
    [handler] => onValidateAdminAccount
)

.============================ POST REQUEST ==========================.
[2019/04/10 06:04:24] Postback payload: Array
(
    [db_type] => mysql
    [db_host] => localhost
    [db_port] => 
    [db_name] => myportfolio
    [db_user] => root
    [db_pass] => *******
    [admin_first_name] => Saqlain
    [admin_last_name] => Mahmud
    [admin_email] => *******@*****.com
    [admin_login] => smk87
    [admin_password] => *******
    [admin_confirm_password] => *******
    [backend_uri] => /hidden
    [encryption_code] => *******
    [file_mask] => 777
    [folder_mask] => 777
    [handler] => onValidateAdvancedConfig
)

.============================ POST REQUEST ==========================.
[2019/04/10 06:04:34] Postback payload: Array
(
    [step] => getMetaData
    [meta] => 
    [handler] => onInstallStep
)

[2019/04/10 06:04:34] Install step: getMetaData
[2019/04/10 06:04:36] Server request: core/install
[2019/04/10 06:04:36] Request information: Array
(
    [url] => http://gateway.octobercms.com/api/core/install
    [content_type] => application/json
    [http_code] => 200
    [header_size] => 418
    [request_size] => 193
    [filetime] => -1
    [ssl_verify_result] => 0
    [redirect_count] => 0
    [total_time] => 1.254139
    [namelookup_time] => 0.262066
    [connect_time] => 0.639378
    [pretransfer_time] => 0.63967
    [size_upload] => 46
    [size_download] => 132
    [speed_download] => 105
    [speed_upload] => 36
    [download_content_length] => -1
    [upload_content_length] => 46
    [starttransfer_time] => 1.254041
    [redirect_time] => 0
    [redirect_url] => 
    [primary_ip] => 52.37.223.30
    [certinfo] => Array
        (
        )

    [primary_port] => 80
    [local_ip] => 192.168.0.106
    [local_port] => 6065
    [http_version] => 2
    [protocol] => 1
    [ssl_verifyresult] => 0
    [scheme] => HTTP
    [appconnect_time_us] => 0
    [connect_time_us] => 639378
    [namelookup_time_us] => 262066
    [pretransfer_time_us] => 639670
    [redirect_time_us] => 0
    [starttransfer_time_us] => 1254041
    [total_time_us] => 1254139
)

[2019/04/10 06:04:36] Step getMetaData +OK
[2019/04/10 06:04:36] Execute handler (onInstallStep): Array
(
    [result] => Array
        (
            [core] => Array
                (
                    [hash] => 61c929870890c2206ff3d84c4a12c354
                    [build] => 447
                    [uhash] => 3bea68b737188c91d4613538c6dbcec4
                )

            [plugins] => Array
                (
                )

            [themes] => Array
                (
                )

        )

)

.============================ POST REQUEST ==========================.
[2019/04/10 06:04:36] Postback payload: Array
(
    [step] => downloadCore
    [meta] => Array
        (
            [core] => Array
                (
                    [hash] => 61c929870890c2206ff3d84c4a12c354
                    [build] => 447
                    [uhash] => 3bea68b737188c91d4613538c6dbcec4
                )

        )

    [handler] => onInstallStep
)

[2019/04/10 06:04:36] Install step: downloadCore
[2019/04/10 06:07:30] Saving to file (core): C:/xampp/htdocs/myportfolio/install_files/temp/a74ad8dfacd4f985eb3977517615ce25.arc
[2019/04/10 06:07:30] Step downloadCore +OK
[2019/04/10 06:07:30] Execute handler (onInstallStep): Array
(
    [result] => 
)

.============================ POST REQUEST ==========================.
[2019/04/10 06:07:31] Postback payload: Array
(
    [step] => extractCore
    [meta] => Array
        (
            [core] => Array
                (
                    [hash] => 61c929870890c2206ff3d84c4a12c354
                    [build] => 447
                    [uhash] => 3bea68b737188c91d4613538c6dbcec4
                )

        )

    [handler] => onInstallStep
)

[2019/04/10 06:07:31] Install step: extractCore
[2019/04/10 06:07:31] Extracting file (core): a74ad8dfacd4f985eb3977517615ce25.arc
[2019/04/10 06:10:28] Step extractCore +OK
[2019/04/10 06:10:28] Execute handler (onInstallStep): Array
(
    [result] => 1
)

.============================ POST REQUEST ==========================.
[2019/04/10 06:10:29] Postback payload: Array
(
    [step] => setupConfig
    [meta] => Array
        (
            [core] => Array
                (
                    [hash] => 61c929870890c2206ff3d84c4a12c354
                    [build] => 447
                    [uhash] => 3bea68b737188c91d4613538c6dbcec4
                )

        )

    [db_type] => mysql
    [db_host] => localhost
    [db_port] => 
    [db_name] => myportfolio
    [db_user] => root
    [db_pass] => *******
    [admin_first_name] => Saqlain
    [admin_last_name] => Mahmud
    [admin_email] => *******@*****.com
    [admin_login] => smk87
    [admin_password] => *******
    [admin_confirm_password] => *******
    [backend_uri] => /hidden
    [encryption_code] => *******
    [file_mask] => 777
    [folder_mask] => 777
    [handler] => onInstallStep
)

[2019/04/10 06:10:29] Install step: setupConfig
[2019/04/10 04:10:30] Step setupConfig +OK
[2019/04/10 04:10:30] Execute handler (onInstallStep): Array
(
    [result] => 
)

.============================ POST REQUEST ==========================.
[2019/04/10 06:10:30] Postback payload: Array
(
    [step] => createAdmin
    [meta] => Array
        (
            [core] => Array
                (
                    [hash] => 61c929870890c2206ff3d84c4a12c354
                    [build] => 447
                    [uhash] => 3bea68b737188c91d4613538c6dbcec4
                )

        )

    [db_type] => mysql
    [db_host] => localhost
    [db_port] => 
    [db_name] => myportfolio
    [db_user] => root
    [db_pass] => *******
    [admin_first_name] => Saqlain
    [admin_last_name] => Mahmud
    [admin_email] => *******@*****.com
    [admin_login] => smk87
    [admin_password] => *******
    [admin_confirm_password] => *******
    [backend_uri] => /hidden
    [encryption_code] => *******
    [file_mask] => 777
    [folder_mask] => 777
    [handler] => onInstallStep
)

[2019/04/10 06:10:30] Install step: createAdmin
[2019/04/10 04:11:12] Step createAdmin +OK
[2019/04/10 04:11:12] Execute handler (onInstallStep): Array
(
    [result] => 
)

.============================ POST REQUEST ==========================.
[2019/04/10 06:11:13] Postback payload: Array
(
    [disableLog] => 1
)

[2019/04/10 06:11:13] Install step: setupProject
[2019/04/10 06:11:13] Step setupProject +OK
[2019/04/10 06:11:13] Execute handler (onInstallStep): Array
(
    [result] => 
)

.============================ POST REQUEST ==========================.
[2019/04/10 06:11:13] Postback payload: Array
(
    [step] => finishInstall
    [meta] => Array
        (
            [core] => Array
                (
                    [hash] => 61c929870890c2206ff3d84c4a12c354
                    [build] => 447
                    [uhash] => 3bea68b737188c91d4613538c6dbcec4
                )

        )

    [hash] => 61c929870890c2206ff3d84c4a12c354
    [build] => 447
    [uhash] => 3bea68b737188c91d4613538c6dbcec4
    [handler] => onInstallStep
)

[2019/04/10 06:11:13] Install step: finishInstall
[2019/04/10 04:11:14] Cleaning up file: a74ad8dfacd4f985eb3977517615ce25.arc
[2019/04/10 04:11:14] Step finishInstall +OK
[2019/04/10 04:11:14] Execute handler (onInstallStep): Array
(
    [result] => 
)

